Warning[205] C:\USERS\AREEN\ONEDRIVE\DESKTOP\STUDYING\EMBEDDED\PROJECT\NEW\CODE1.ASM 8 : Found directive in column 1. (include)
Warning[205] C:\USERS\AREEN\ONEDRIVE\DESKTOP\STUDYING\EMBEDDED\PROJECT\NEW\CODE1.ASM 11 : Found directive in column 1. (cblock)
Warning[205] C:\USERS\AREEN\ONEDRIVE\DESKTOP\STUDYING\EMBEDDED\PROJECT\NEW\CODE1.ASM 17 : Found directive in column 1. (ENDC)
Warning[205] C:\USERS\AREEN\ONEDRIVE\DESKTOP\STUDYING\EMBEDDED\PROJECT\NEW\CODE1.ASM 18 : Found directive in column 1. (cblock)
Warning[205] C:\USERS\AREEN\ONEDRIVE\DESKTOP\STUDYING\EMBEDDED\PROJECT\NEW\CODE1.ASM 25 : Found directive in column 1. (ENDC)
Warning[203] C:\USERS\AREEN\ONEDRIVE\DESKTOP\STUDYING\EMBEDDED\PROJECT\NEW\CODE1.ASM 35 : Found opcode in column 1. (incf)
Warning[203] C:\USERS\AREEN\ONEDRIVE\DESKTOP\STUDYING\EMBEDDED\PROJECT\NEW\CODE1.ASM 36 : Found opcode in column 1. (movwf)
Warning[203] C:\USERS\AREEN\ONEDRIVE\DESKTOP\STUDYING\EMBEDDED\PROJECT\NEW\CODE1.ASM 38 : Found opcode in column 1. (movlw)
Warning[203] C:\USERS\AREEN\ONEDRIVE\DESKTOP\STUDYING\EMBEDDED\PROJECT\NEW\CODE1.ASM 39 : Found opcode in column 1. (movwf)
Warning[203] C:\USERS\AREEN\ONEDRIVE\DESKTOP\STUDYING\EMBEDDED\PROJECT\NEW\CODE1.ASM 41 : Found opcode in column 1. (movf)
Warning[203] C:\USERS\AREEN\ONEDRIVE\DESKTOP\STUDYING\EMBEDDED\PROJECT\NEW\CODE1.ASM 42 : Found opcode in column 1. (Addwf)
Warning[203] C:\USERS\AREEN\ONEDRIVE\DESKTOP\STUDYING\EMBEDDED\PROJECT\NEW\CODE1.ASM 43 : Found opcode in column 1. (Decfsz)
Warning[203] C:\USERS\AREEN\ONEDRIVE\DESKTOP\STUDYING\EMBEDDED\PROJECT\NEW\CODE1.ASM 44 : Found opcode in column 1. (Goto)
Warning[203] C:\USERS\AREEN\ONEDRIVE\DESKTOP\STUDYING\EMBEDDED\PROJECT\NEW\CODE1.ASM 45 : Found opcode in column 1. (Goto)
Warning[203] C:\USERS\AREEN\ONEDRIVE\DESKTOP\STUDYING\EMBEDDED\PROJECT\NEW\CODE1.ASM 47 : Found opcode in column 1. (movf)
Warning[203] C:\USERS\AREEN\ONEDRIVE\DESKTOP\STUDYING\EMBEDDED\PROJECT\NEW\CODE1.ASM 48 : Found opcode in column 1. (addwf)
Warning[203] C:\USERS\AREEN\ONEDRIVE\DESKTOP\STUDYING\EMBEDDED\PROJECT\NEW\CODE1.ASM 49 : Found opcode in column 1. (movwf)
Warning[203] C:\USERS\AREEN\ONEDRIVE\DESKTOP\STUDYING\EMBEDDED\PROJECT\NEW\CODE1.ASM 51 : Found opcode in column 1. (movf)
Warning[203] C:\USERS\AREEN\ONEDRIVE\DESKTOP\STUDYING\EMBEDDED\PROJECT\NEW\CODE1.ASM 52 : Found opcode in column 1. (subwf)
Warning[203] C:\USERS\AREEN\ONEDRIVE\DESKTOP\STUDYING\EMBEDDED\PROJECT\NEW\CODE1.ASM 53 : Found opcode in column 1. (xorlw)
Warning[203] C:\USERS\AREEN\ONEDRIVE\DESKTOP\STUDYING\EMBEDDED\PROJECT\NEW\CODE1.ASM 54 : Found opcode in column 1. (andlw)
Warning[203] C:\USERS\AREEN\ONEDRIVE\DESKTOP\STUDYING\EMBEDDED\PROJECT\NEW\CODE1.ASM 55 : Found opcode in column 1. (movwf)
Warning[203] C:\USERS\AREEN\ONEDRIVE\DESKTOP\STUDYING\EMBEDDED\PROJECT\NEW\CODE1.ASM 57 : Found opcode in column 1. (iorwf)
Warning[203] C:\USERS\AREEN\ONEDRIVE\DESKTOP\STUDYING\EMBEDDED\PROJECT\NEW\CODE1.ASM 58 : Found opcode in column 1. (movwf)
Warning[203] C:\USERS\AREEN\ONEDRIVE\DESKTOP\STUDYING\EMBEDDED\PROJECT\NEW\CODE1.ASM 59 : Found opcode in column 1. (movf)
Warning[203] C:\USERS\AREEN\ONEDRIVE\DESKTOP\STUDYING\EMBEDDED\PROJECT\NEW\CODE1.ASM 60 : Found opcode in column 1. (iorwf)
Warning[203] C:\USERS\AREEN\ONEDRIVE\DESKTOP\STUDYING\EMBEDDED\PROJECT\NEW\CODE1.ASM 61 : Found opcode in column 1. (movwf)
Warning[203] C:\USERS\AREEN\ONEDRIVE\DESKTOP\STUDYING\EMBEDDED\PROJECT\NEW\CODE1.ASM 63 : Found opcode in column 1. (movf)
Warning[203] C:\USERS\AREEN\ONEDRIVE\DESKTOP\STUDYING\EMBEDDED\PROJECT\NEW\CODE1.ASM 64 : Found opcode in column 1. (xorwf)
Warning[203] C:\USERS\AREEN\ONEDRIVE\DESKTOP\STUDYING\EMBEDDED\PROJECT\NEW\CODE1.ASM 65 : Found opcode in column 1. (movwf)
Warning[203] C:\USERS\AREEN\ONEDRIVE\DESKTOP\STUDYING\EMBEDDED\PROJECT\NEW\CODE1.ASM 67 : Found opcode in column 1. (movf)
Warning[203] C:\USERS\AREEN\ONEDRIVE\DESKTOP\STUDYING\EMBEDDED\PROJECT\NEW\CODE1.ASM 73 : Found opcode in column 1. (addlw)
Warning[203] C:\USERS\AREEN\ONEDRIVE\DESKTOP\STUDYING\EMBEDDED\PROJECT\NEW\CODE1.ASM 74 : Found opcode in column 1. (goto)
Warning[203] C:\USERS\AREEN\ONEDRIVE\DESKTOP\STUDYING\EMBEDDED\PROJECT\NEW\CODE1.ASM 76 : Found opcode in column 1. (iorlw)
Warning[203] C:\USERS\AREEN\ONEDRIVE\DESKTOP\STUDYING\EMBEDDED\PROJECT\NEW\CODE1.ASM 77 : Found opcode in column 1. (goto)
Warning[203] C:\USERS\AREEN\ONEDRIVE\DESKTOP\STUDYING\EMBEDDED\PROJECT\NEW\CODE1.ASM 79 : Found opcode in column 1. (nop)
Warning[203] C:\USERS\AREEN\ONEDRIVE\DESKTOP\STUDYING\EMBEDDED\PROJECT\NEW\CODE1.ASM 80 : Found opcode in column 1. (nop)
Warning[205] C:\USERS\AREEN\ONEDRIVE\DESKTOP\STUDYING\EMBEDDED\PROJECT\NEW\CODE1.ASM 81 : Found directive in column 1. (end)
